23:43:47    1247 --> ...                                                                                          [tcl] ucliGUI::start /afs/ece.cmu.edu/usr/zhiyingm/Private/CNN/FPGATorch/RTL/simv -ucligui 
23:43:47    1248 --> ...                                                                                              [tcl] set ucliGUI::state
23:43:47    1249 --> ...                                                                                                  [tcl] gui_update_simulator_buttons
23:43:49    1250 --> ...  [tcl] set ucliGUI::state
23:43:49    1251 --> ...      [tcl] ucliCore::getToolPID
23:43:49    1252 --> ...          [tcl] synopsys::env hasTB
23:43:49    1253 --> ...              [tcl] trigger_hier_stack_context_switch 0
23:43:49    1254 --> ...                  [tcl] synUtils::setDVEInitPhase 1
23:43:49    1255 --> ...                      [tcl] gui_get_env SIMSETUP::SIMVPD
23:43:49    1256 --> ...                          [tcl] synopsys::dump -type VPD -file /afs/ece.cmu.edu/usr/zhiyingm/Private/CNN/FPGATorch/RTL/inter.vpd -locking
23:43:49    1257 --> ...                              [tcl] synopsys::dump -autoflush on -fid VPD8
23:43:49    1258 --> ...                                  [tcl] set ::dve_fid VPD8
23:43:49    1259 --> ...                                      [tcl] synUtils::setDVEInitPhase 0
23:43:49    1260 --> ...                                          [tcl] ucliCore::getToolPID
23:43:49    1261 --> ...                                              [tcl] synUtils::sendTool -active _icl_setToolSocket /tmp/smlnp80WyzK
23:43:49    1262 --> ...                                                  [tcl] synUtils::sendTool -active {_icl_start_rpc -version "T-2022.06_Full64" -sync_file /tmp/vcs_dve_rpc.zhiyingm.9817}
23:43:49    1263 --> ...                                                      [tcl] synUtils::sendTool -active {_icl_createSharedMemory /tmp/vcs_dve_general.zhiyingm.9817}
23:43:49    1264 --> ...                                                          [tcl] config endofsim noexit
23:43:49    1265 --> ...                                                              [tcl] config onfail enable all
23:43:49    1266 --> ...                                                                  [tcl] config syscaddplainmembers
23:43:49    1267 --> ...                                                                      [tcl] config syscaddsourcenames
23:43:49    1268 --> ...                                                                          [tcl] config syscaddstructtypes
23:43:49    1269 --> ...                                                                              [tcl] synopsys::listing -disable
23:43:49    1270 --> ...                                                                                  [tcl] # Begin_DVE_Session_Save_Info
23:43:49    1271 --> ...                                                                                      [tcl] # DVE restart session
23:43:49    1272 --> ...                                                                                          [tcl] # Saved on Thu Jan 18 23:43:46 2024
23:43:49    1273 --> ...                                                                                              [tcl] # Designs open: 1
23:43:49    1274 --> ...                                                                                                  [tcl] #   Sim: /afs/ece.cmu.edu/usr/zhiyingm/Private/CNN/FPGATorch/RTL/simv
23:43:49    1275 --> ...  [tcl] # Toplevel windows open: 2
23:43:49    1276 --> ...      [tcl] # 	TopLevel.1
23:43:49    1277 --> ...          [tcl] # 	TopLevel.2
23:43:49    1278 --> ...              [tcl] #   Source.1: ALU
23:43:49    1279 --> ...                  [tcl] #   Wave.1: 19 signals
23:43:49    1280 --> ...                      [tcl] #   Group count = 1
23:43:49    1281 --> ...                          [tcl] #   Group Group1 signal count = 19
23:43:49    1282 --> ...                              [tcl] # End_DVE_Session_Save_Info
23:43:49    1283 --> ...                                  [tcl] # DVE version: T-2022.06_Full64
23:43:49    1284 --> ...                                      [tcl] # DVE build date: May 31 2022 20:53:03
23:43:49    1285 --> ...                                          [tcl] #<Session mode="Restart" path=".restartSimSession.tcl" type="Debug">
23:43:49    1286 --> ...                                              [tcl] gui_set_loading_session_type Restart
23:43:49    1287 --> ...                                                  [tcl] gui_continuetime_set
23:43:49    1288 --> ...                                                      [tcl] gui_clear_window -type Wave
23:43:49    1289 --> ...                                                          [tcl] gui_clear_window -type List
23:43:49    1290 --> ...                                                              [tcl] # Application preferences
23:43:49    1291 --> ...                                                                  [tcl] gui_set_pref_value -key app_default_font -value {Helvetica,10,-1,5,50,0,0,0,0,0}
23:43:49    1292 --> ...                                                                      [tcl] gui_src_preferences -tabstop 8 -maxbits 24 -windownumber 1
23:43:49    1293 --> ...                                                                          [tcl] #<WindowLayout>
23:43:49    1294 --> ...                                                                              [tcl] # DVE top-level session
23:43:49    1295 --> ...                                                                                  [tcl] # Create and position top-level window: TopLevel.1
23:43:49    1296 --> ...                                                                                      [tcl] set TopLevel.1 TopLevel.1
23:43:49    1297 --> ...                                                                                          [tcl] # Docked window settings
23:43:49    1298 --> ...                                                                                              [tcl] set HSPane.1 HSPane.1
23:43:49    1299 --> ...                                                                                                  [tcl] set Hier.1 Hier.1
23:43:49    1300 --> ...  [tcl] set DLPane.1 DLPane.1
23:43:49    1301 --> ...      [tcl] set Data.1 Data.1
23:43:49    1302 --> ...          [tcl] set Console.1 Console.1
23:43:49    1303 --> ...              [tcl] gui_sync_global -id ${TopLevel.1} -option true
23:43:49    1304 --> ...                  [tcl] # MDI window settings
23:43:49    1305 --> ...                      [tcl] set Source.1 Source.1
23:43:49    1306 --> ...                          [tcl] gui_update_layout -id ${Source.1} {{show_state maximized} {dock_state undocked} {dock_on_new_line false}}
23:43:49    1307 --> ...                              [tcl] # End MDI window settings
23:43:49    1308 --> ...                                  [tcl] # Create and position top-level window: TopLevel.2
23:43:49    1309 --> ...                                      [tcl] set TopLevel.2 TopLevel.2
23:43:49    1310 --> ...                                          [tcl] # Docked window settings
23:43:49    1311 --> ...                                              [tcl] gui_sync_global -id ${TopLevel.2} -option true
23:43:49    1312 --> ...                                                  [tcl] # MDI window settings
23:43:49    1313 --> ...                                                      [tcl] set Wave.1 Wave.1
23:43:49    1314 --> ...                                                          [tcl] gui_update_layout -id ${Wave.1} {{show_state maximized} {dock_state undocked} {dock_on_new_line false} {child_wave_left 384} {child_wave_right 938} {child_wave_colname 190} {child_wave_colvalue 190} {child_wave_col1 0} {child_wave_col2 1}}
23:43:49    1315 --> ...                                                              [tcl] # End MDI window settings
23:43:49    1316 --> ...                                                                  [tcl] #</WindowLayout>
23:43:49    1317 --> ...                                                                      [tcl] #<Database>
23:43:49    1318 --> ...                                                                          [tcl] gui_set_precision 1s
23:43:49    1319 --> ...                                                                              [tcl] gui_set_time_units 1s
23:43:49    1320 --> ...                                                                                  [tcl] #</Database>
23:43:49    1321 --> ...                                                                                      [tcl] # DVE Global setting session:
23:43:49    1322 --> ...                                                                                          [tcl] # Global: Breakpoints
23:43:49    1323 --> ...                                                                                              [tcl] # Global: Bus
23:43:49    1324 --> ...                                                                                                  [tcl] # Global: Expressions
23:43:49    1325 --> ...  [tcl] # Global: Signal Time Shift
23:43:49    1326 --> ...      [tcl] # Global: Signal Compare
23:43:49    1327 --> ...          [tcl] # Global: Signal Groups
23:43:49    1328 --> ...              [tcl] set _session_group_8 Group1
23:43:49    1329 --> ...                  [tcl] gui_sg_create "$_session_group_8"
23:43:49    1330 --> ...                      [tcl] set Group1 "$_session_group_8"
23:43:49    1331 --> ...                          [tcl] gui_sg_addsignal -group "$_session_group_8" { FSM_test.dut.block_ptr FSM_test.dut.clock FSM_test.dut.mem_addr FSM_test.dut.mem_data FSM_test.dut.nextState FSM_test.dut.next_block FSM_test.dut.op_code FSM_test.dut.op_compute FSM_test.dut.op_count FSM_test.dut.op_cycle FSM_test.dut.read FSM_test.dut.read_next FSM_test.dut.read_ptr FSM_test.dut.reset FSM_test.dut.rw_num FSM_test.dut.state FSM_test.dut.write FSM_test.dut.write_next FSM_test.dut.write_ptr }
23:43:49    1332 --> ...                              [tcl] # Global: Highlighting
23:43:50    1333 --> ...                                  [tcl] # Global: Stack
23:43:50    1334 --> ...                                      [tcl] gui_change_stack_mode -mode list
23:43:50    1335 --> ...                                          [tcl] # Post database loading setting...
23:43:50    1336 --> ...                                              [tcl] # Save global setting...
23:43:50    1337 --> ...                                                  [tcl] # Wave/List view global setting
23:43:50    1338 --> ...                                                      [tcl] gui_cov_show_value -switch false
23:43:50    1339 --> ...                                                          [tcl] # Close all empty TopLevel windows
23:43:50    1340 --> ...                                                              [tcl] foreach __top [gui_ekki_get_window_ids -type TopLevel] {     if { [llength [gui_ekki_get_window_ids -parent $__top]] == 0} {         gui_close_window -window $__top     } }
23:43:50    1341 --> ...                                                                  [tcl] gui_set_loading_session_type noSession
23:43:50    1342 --> ...                                                                      [tcl] # DVE View/pane content session:
23:43:50    1343 --> ...                                                                          [tcl] # Hier 'Hier.1'
23:43:50    1344 --> ...                                                                              [tcl] gui_show_window -window ${Hier.1}
23:43:50    1345 --> ...                                                                                  [tcl] gui_list_set_filter -id ${Hier.1} -list { {Package 1} {All 0} {Process 1} {VirtPowSwitch 0} {UnnamedProcess 1} {UDP 0} {Function 1} {Block 1} {SrsnAndSpaCell 0} {OVA Unit 1} {LeafScCell 1} {LeafVlgCell 1} {Interface 1} {LeafVhdCell 1} {$unit 1} {NamedBlock 1} {Task 1} {VlgPackage 1} {ClassDef 1} {VirtIsoCell 0} }
23:43:50    1346 --> ...                                                                                      [tcl] gui_list_set_filter -id ${Hier.1} -text {*}
23:43:50    1347 --> ...                                                                                          [tcl] gui_change_design -id ${Hier.1} -design Sim
23:43:50    1348 --> ...                                                                                              [tcl] catch {gui_list_expand -id ${Hier.1} FSM_test}
23:43:50    1349 --> ...                                                                                                  [tcl] catch {gui_list_select -id ${Hier.1} {FSM_test.dut}}
23:43:50    1350 --> ...  [tcl] dveMisc::vbusExpand FSM_test.dut
23:43:50    1351 --> ...      [tcl] gui_view_scroll -id ${Hier.1} -vertical -set 0
23:43:50    1352 --> ...          [tcl] gui_view_scroll -id ${Hier.1} -horizontal -set 0
23:43:50    1353 --> ...              [tcl] # Data 'Data.1'
23:43:50    1354 --> ...                  [tcl] gui_list_set_filter -id ${Data.1} -list { {Buffer 1} {Input 1} {Others 1} {Linkage 1} {Output 1} {LowPower 1} {Parameter 1} {All 1} {Aggregate 1} {LibBaseMember 1} {Event 1} {Assertion 1} {Constant 1} {Interface 1} {BaseMembers 1} {Signal 1} {$unit 1} {Inout 1} {Variable 1} }
23:43:50    1355 --> ...                      [tcl] gui_list_set_filter -id ${Data.1} -text {*}
23:43:50    1356 --> ...                          [tcl] gui_list_show_data -id ${Data.1} {FSM_test.dut}
23:43:50    1357 --> ...                              [tcl] gui_show_window -window ${Data.1}
23:43:50    1358 --> ...                                  [tcl] catch { gui_list_select -id ${Data.1} {FSM_test.dut.rw_num FSM_test.dut.read FSM_test.dut.clock FSM_test.dut.next_block FSM_test.dut.nextState FSM_test.dut.write_ptr FSM_test.dut.reset FSM_test.dut.write FSM_test.dut.block_ptr FSM_test.dut.op_count FSM_test.dut.mem_data FSM_test.dut.read_ptr FSM_test.dut.op_cycle FSM_test.dut.mem_addr FSM_test.dut.read_next FSM_test.dut.state FSM_test.dut.op_code FSM_test.dut.op_compute FSM_test.dut.write_next }}
23:43:50    1359 --> ...                                      [tcl] gui_view_scroll -id ${Data.1} -vertical -set 0
23:43:50    1360 --> ...                                          [tcl] gui_view_scroll -id ${Data.1} -horizontal -set 0
23:43:50    1361 --> ...                                              [tcl] gui_view_scroll -id ${Hier.1} -vertical -set 0
23:43:50    1362 --> ...                                                  [tcl] gui_view_scroll -id ${Hier.1} -horizontal -set 0
23:43:50    1363 --> ...                                                      [tcl] # Source 'Source.1'
23:43:50    1364 --> ...                                                          [tcl] gui_src_value_annotate -id ${Source.1} -switch false
23:43:50    1365 --> ...                                                              [tcl] gui_set_env TOGGLE::VALUEANNOTATE 0
23:43:50    1366 --> ...                                                                  [tcl] gui_open_source -id ${Source.1}  -replace -active ALU /afs/ece.cmu.edu/usr/zhiyingm/Private/CNN/FPGATorch/RTL/basic_func.sv
23:43:50    1367 --> ...                                                                      [tcl] gui_view_scroll -id ${Source.1} -vertical -set 704
23:43:50    1368 --> ...                                                                          [tcl] gui_src_set_reusable -id ${Source.1}
23:43:50    1369 --> ...                                                                              [tcl] # View 'Wave.1'
23:43:50    1370 --> ...                                                                                  [tcl] gui_wv_sync -id ${Wave.1} -switch false
23:43:50    1371 --> ...                                                                                      [tcl] set groupExD [gui_get_pref_value -category Wave -key exclusiveSG]
23:43:50    1372 --> ...                                                                                          [tcl] gui_set_pref_value -category Wave -key exclusiveSG -value {false}
23:43:50    1373 --> ...                                                                                              [tcl] set origWaveHeight [gui_get_pref_value -category Wave -key waveRowHeight]
23:43:50    1374 --> ...                                                                                                  [tcl] gui_list_set_height -id Wave -height 25
23:43:50    1375 --> ...  [tcl] set origGroupCreationState [gui_list_create_group_when_add -wave]
23:43:50    1376 --> ...      [tcl] gui_list_create_group_when_add -wave -disable
23:43:50    1377 --> ...          [tcl] gui_wv_zoom_timerange -id ${Wave.1} 292 434
23:43:50    1378 --> ...              [tcl] gui_list_add_group -id ${Wave.1} -after {New Group} {Group1}
23:43:50    1379 --> ...                  [tcl] ucliGUI::vpdAddHierarchy -scope FSM_test.dut -depth 1 -file /afs/ece.cmu.edu/usr/zhiyingm/Private/CNN/FPGATorch/RTL/inter.vpd; synopsys::dump -flush VPD8
23:43:50    1380 --> ...                      [tcl] synopsys::dump -add {FSM_test.dut.block_ptr FSM_test.dut.clock FSM_test.dut.mem_addr FSM_test.dut.mem_data FSM_test.dut.nextState FSM_test.dut.next_block FSM_test.dut.op_code FSM_test.dut.op_compute FSM_test.dut.op_count FSM_test.dut.op_cycle FSM_test.dut.read FSM_test.dut.read_next FSM_test.dut.read_ptr FSM_test.dut.reset FSM_test.dut.state FSM_test.dut.write FSM_test.dut.write_next FSM_test.dut.write_ptr } -aggregates  -fid VPD8
23:43:50    1381 --> ...                          [tcl] gui_list_select -id ${Wave.1} {FSM_test.dut.write_ptr }
23:43:50    1382 --> ...                              [tcl] gui_seek_criteria -id ${Wave.1} {Any Edge}
23:43:50    1383 --> ...                                  [tcl] gui_set_env TOGGLE::DEFAULT_WAVE_WINDOW ${Wave.1}
23:43:50    1384 --> ...                                      [tcl] gui_set_pref_value -category Wave -key exclusiveSG -value $groupExD
23:43:50    1385 --> ...                                          [tcl] gui_list_set_height -id Wave -height $origWaveHeight
23:43:50    1386 --> ...                                              [tcl] if {$origGroupCreationState} { 	gui_list_create_group_when_add -wave -enable }
23:43:50    1387 --> ...                                                  [tcl] if { $groupExD } {  gui_msg_report -code DVWW028 }
23:43:50    1388 --> ...                                                      [tcl] gui_list_set_filter -id ${Wave.1} -list { {Buffer 1} {Input 1} {Others 1} {Linkage 1} {Output 1} {Parameter 1} {All 1} {Aggregate 1} {LibBaseMember 1} {Event 1} {Assertion 1} {Constant 1} {Interface 1} {BaseMembers 1} {Signal 1} {$unit 1} {Inout 1} {Variable 1} }
23:43:50    1389 --> ...                                                          [tcl] gui_list_set_filter -id ${Wave.1} -text {*}
23:43:50    1390 --> ...                                                              [tcl] gui_list_set_insertion_bar  -id ${Wave.1} -group Group1  -position in
23:43:50    1391 --> ...                                                                  [tcl] gui_view_scroll -id ${Wave.1} -vertical -set 0
23:43:50    1392 --> ...                                                                      [tcl] gui_show_grid -id ${Wave.1} -enable false
23:43:50    1393 --> ...                                                                          [tcl] # Restore toplevel window zorder
23:43:50    1394 --> ...                                                                              [tcl] # The toplevel window could be closed if it has no view/pane
23:43:50    1395 --> ...                                                                                  [tcl] if {[gui_exist_window -window ${TopLevel.1}]} { 	gui_set_active_window -window ${TopLevel.1} 	gui_set_active_window -window ${Source.1} 	gui_set_active_window -window ${DLPane.1} }
23:43:50    1396 --> ...                                                                                      [tcl] if {[gui_exist_window -window ${TopLevel.2}]} { 	gui_set_active_window -window ${TopLevel.2} 	gui_set_active_window -window ${Wave.1} }
23:43:50    1397 --> ...                                                                                          [tcl] #</Session>
23:43:51    1398 --> ...                                                                                              [tcl] synopsys::run
23:43:51    1399 --> ...                                                                                                  [tcl] set ucliGUI::state
23:43:51    1400 --> ...  [tcl] gui_update_simulator_buttons
23:43:51    1401 --> ...      [tcl] set ucliGUI::state
23:43:51    1402 --> ...          [tcl] gui_update_simulator_buttons
23:43:51    1403 --> ...              [tcl] set ucliGUI::state
23:43:51    1404 --> ...                  [tcl] set ucliGUI::state
23:43:51    1405 --> ...                      [tcl] catch {senv activeDomain} dveMisc::result 
23:43:51    1406 --> ...                          [tcl] set dveMisc::result
23:43:51    1407 --> ...                              [tcl] gui_update_simulator_buttons
23:44:48    1408 --> ...                                  [tcl] if [catch {gui_sim_terminate}] {gui_sim_terminate -kill}
23:44:48    1409 --> ...                                      [tcl] synopsys::finish
23:44:48    1410 --> ...                                          [tcl] set ucliGUI::state
23:44:48    1411 --> ...                                              [tcl] gui_update_simulator_buttons
23:44:48    1412 --> ...                                                  [tcl] set ucliGUI::state
23:44:48    1413 --> ...                                                      [tcl] catch {senv activeDomain} dveMisc::result 
23:44:48    1414 --> ...                                                          [tcl] set dveMisc::result
23:44:48    1415 --> ...                                                              [tcl] gui_update_simulator_buttons
23:44:48    1416 --> ...                                                                  [tcl] catch {senv activeDomain} dveMisc::result 
23:44:48    1417 --> ...                                                                      [tcl] set dveMisc::result
23:44:48    1418 --> ...                                                                          [tcl] ucli_exit
